This file contains any messages produced by compilers while
running configure, to aid debugging if configure makes a mistake.

It was created by gpl-compression configure 0.1.0, which was
generated by GNU Autoconf 2.63.  Invocation command line was

  $ /home/rohan/workspace/hadoop-lzo/src/native/configure 

## --------- ##
## Platform. ##
## --------- ##

hostname = rohan-laptop
uname -m = x86_64
uname -r = 2.6.31-22-generic
uname -s = Linux
uname -v = #65-Ubuntu SMP Thu Sep 16 16:21:34 UTC 2010

/usr/bin/uname -p = unknown
/bin/uname -X     = unknown

/bin/arch              = unknown
/usr/bin/arch -k       = unknown
/usr/convex/getsysinfo = unknown
/usr/bin/hostinfo      = unknown
/bin/machine           = unknown
/usr/bin/oslevel       = unknown
/bin/universe          = unknown

PATH: /usr/local/sbin
PATH: /usr/local/bin
PATH: /usr/sbin
PATH: /usr/bin
PATH: /sbin
PATH: /bin
PATH: /usr/games


## ----------- ##
## Core tests. ##
## ----------- ##

configure:2072: checking for a BSD-compatible install
configure:2140: result: /usr/bin/install -c
configure:2151: checking whether build environment is sane
configure:2194: result: yes
configure:2219: checking for a thread-safe mkdir -p
configure:2258: result: /bin/mkdir -p
configure:2271: checking for gawk
configure:2301: result: no
configure:2271: checking for mawk
configure:2287: found /usr/bin/mawk
configure:2298: result: mawk
configure:2309: checking whether make sets $(MAKE)
configure:2331: result: yes
configure:2535: checking for style of include used by make
configure:2563: result: GNU
configure:2633: checking for gcc
configure:2649: found /usr/bin/gcc
configure:2660: result: gcc
configure:2892: checking for C compiler version
configure:2900: gcc --version >&5
gcc (Ubuntu 4.4.1-4ubuntu9) 4.4.1
Copyright (C) 2009 Free Software Foundation, Inc.
This is free software; see the source for copying conditions.  There is NO
warranty; not even for MERCHANTABILITY or FITNESS FOR A PARTICULAR PURPOSE.

configure:2904: $? = 0
configure:2911: gcc -v >&5
Using built-in specs.
Target: x86_64-linux-gnu
Configured with: ../src/configure -v --with-pkgversion='Ubuntu 4.4.1-4ubuntu9' --with-bugurl=file:///usr/share/doc/gcc-4.4/README.Bugs --enable-languages=c,c++,fortran,objc,obj-c++ --prefix=/usr --enable-shared --enable-multiarch --enable-linker-build-id --with-system-zlib --libexecdir=/usr/lib --without-included-gettext --enable-threads=posix --with-gxx-include-dir=/usr/include/c++/4.4 --program-suffix=-4.4 --enable-nls --enable-clocale=gnu --enable-libstdcxx-debug --enable-objc-gc --disable-werror --with-arch-32=i486 --with-tune=generic --enable-checking=release --build=x86_64-linux-gnu --host=x86_64-linux-gnu --target=x86_64-linux-gnu
Thread model: posix
gcc version 4.4.1 (Ubuntu 4.4.1-4ubuntu9) 
configure:2915: $? = 0
configure:2922: gcc -V >&5
gcc: '-V' option must have argument
configure:2926: $? = 1
configure:2949: checking for C compiler default output file name
configure:2971: gcc    conftest.c  >&5
configure:2975: $? = 0
configure:3013: result: a.out
configure:3032: checking whether the C compiler works
configure:3042: ./a.out
configure:3046: $? = 0
configure:3065: result: yes
configure:3072: checking whether we are cross compiling
configure:3074: result: no
configure:3077: checking for suffix of executables
configure:3084: gcc -o conftest    conftest.c  >&5
configure:3088: $? = 0
configure:3114: result: 
configure:3120: checking for suffix of object files
configure:3146: gcc -c   conftest.c >&5
configure:3150: $? = 0
configure:3175: result: o
configure:3179: checking whether we are using the GNU C compiler
configure:3208: gcc -c   conftest.c >&5
configure:3215: $? = 0
configure:3232: result: yes
configure:3241: checking whether gcc accepts -g
configure:3271: gcc -c -g  conftest.c >&5
configure:3278: $? = 0
configure:3379: result: yes
configure:3396: checking for gcc option to accept ISO C89
configure:3470: gcc  -c -g -O2  conftest.c >&5
configure:3477: $? = 0
configure:3500: result: none needed
configure:3520: checking dependency style of gcc
configure:3611: result: gcc3
configure:3632: checking how to run the C preprocessor
configure:3672: gcc -E  conftest.c
configure:3679: $? = 0
configure:3710: gcc -E  conftest.c
conftest.c:10:28: error: ac_nonexistent.h: No such file or directory
configure:3717: $? = 1
configure: failed program was:
| /* confdefs.h.  */
| #define PACKAGE_NAME "gpl-compression"
| #define PACKAGE_TARNAME "gpl-compression"
| #define PACKAGE_VERSION "0.1.0"
| #define PACKAGE_STRING "gpl-compression 0.1.0"
| #define PACKAGE_BUGREPORT "omalley@apache.org"
| #define PACKAGE "gpl-compression"
| #define VERSION "0.1.0"
| /* end confdefs.h.  */
| #include <ac_nonexistent.h>
configure:3750: result: gcc -E
configure:3779: gcc -E  conftest.c
configure:3786: $? = 0
configure:3817: gcc -E  conftest.c
conftest.c:10:28: error: ac_nonexistent.h: No such file or directory
configure:3824: $? = 1
configure: failed program was:
| /* confdefs.h.  */
| #define PACKAGE_NAME "gpl-compression"
| #define PACKAGE_TARNAME "gpl-compression"
| #define PACKAGE_VERSION "0.1.0"
| #define PACKAGE_STRING "gpl-compression 0.1.0"
| #define PACKAGE_BUGREPORT "omalley@apache.org"
| #define PACKAGE "gpl-compression"
| #define VERSION "0.1.0"
| /* end confdefs.h.  */
| #include <ac_nonexistent.h>
configure:3864: checking for grep that handles long lines and -e
configure:3924: result: /bin/grep
configure:3929: checking for egrep
configure:3993: result: /bin/grep -E
configure:3998: checking for ANSI C header files
configure:4028: gcc -c -g -O2  conftest.c >&5
configure:4035: $? = 0
configure:4134: gcc -o conftest -g -O2   conftest.c  >&5
configure:4138: $? = 0
configure:4144: ./conftest
configure:4148: $? = 0
configure:4166: result: yes
configure:4190: checking for sys/types.h
configure:4211: gcc -c -g -O2  conftest.c >&5
configure:4218: $? = 0
configure:4235: result: yes
configure:4190: checking for sys/stat.h
configure:4211: gcc -c -g -O2  conftest.c >&5
configure:4218: $? = 0
configure:4235: result: yes
configure:4190: checking for stdlib.h
configure:4211: gcc -c -g -O2  conftest.c >&5
configure:4218: $? = 0
configure:4235: result: yes
configure:4190: checking for string.h
configure:4211: gcc -c -g -O2  conftest.c >&5
configure:4218: $? = 0
configure:4235: result: yes
configure:4190: checking for memory.h
configure:4211: gcc -c -g -O2  conftest.c >&5
configure:4218: $? = 0
configure:4235: result: yes
configure:4190: checking for strings.h
configure:4211: gcc -c -g -O2  conftest.c >&5
configure:4218: $? = 0
configure:4235: result: yes
configure:4190: checking for inttypes.h
configure:4211: gcc -c -g -O2  conftest.c >&5
configure:4218: $? = 0
configure:4235: result: yes
configure:4190: checking for stdint.h
configure:4211: gcc -c -g -O2  conftest.c >&5
configure:4218: $? = 0
configure:4235: result: yes
configure:4190: checking for unistd.h
configure:4211: gcc -c -g -O2  conftest.c >&5
configure:4218: $? = 0
configure:4235: result: yes
configure:4260: checking minix/config.h usability
configure:4277: gcc -c -g -O2  conftest.c >&5
conftest.c:53:26: error: minix/config.h: No such file or directory
configure:4284: $? = 1
configure: failed program was:
| /* confdefs.h.  */
| #define PACKAGE_NAME "gpl-compression"
| #define PACKAGE_TARNAME "gpl-compression"
| #define PACKAGE_VERSION "0.1.0"
| #define PACKAGE_STRING "gpl-compression 0.1.0"
| #define PACKAGE_BUGREPORT "omalley@apache.org"
| #define PACKAGE "gpl-compression"
| #define VERSION "0.1.0"
| #define STDC_HEADERS 1
| #define HAVE_SYS_TYPES_H 1
| #define HAVE_SYS_STAT_H 1
| #define HAVE_STDLIB_H 1
| #define HAVE_STRING_H 1
| #define HAVE_MEMORY_H 1
| #define HAVE_STRINGS_H 1
| #define HAVE_INTTYPES_H 1
| #define HAVE_STDINT_H 1
| #define HAVE_UNISTD_H 1
| /* end confdefs.h.  */
| #include <stdio.h>
| #ifdef HAVE_SYS_TYPES_H
| # include <sys/types.h>
| #endif
| #ifdef HAVE_SYS_STAT_H
| # include <sys/stat.h>
| #endif
| #ifdef STDC_HEADERS
| # include <stdlib.h>
| # include <stddef.h>
| #else
| # ifdef HAVE_STDLIB_H
| #  include <stdlib.h>
| # endif
| #endif
| #ifdef HAVE_STRING_H
| # if !defined STDC_HEADERS && defined HAVE_MEMORY_H
| #  include <memory.h>
| # endif
| # include <string.h>
| #endif
| #ifdef HAVE_STRINGS_H
| # include <strings.h>
| #endif
| #ifdef HAVE_INTTYPES_H
| # include <inttypes.h>
| #endif
| #ifdef HAVE_STDINT_H
| # include <stdint.h>
| #endif
| #ifdef HAVE_UNISTD_H
| # include <unistd.h>
| #endif
| #include <minix/config.h>
configure:4298: result: no
configure:4302: checking minix/config.h presence
configure:4317: gcc -E  conftest.c
conftest.c:20:26: error: minix/config.h: No such file or directory
configure:4324: $? = 1
configure: failed program was:
| /* confdefs.h.  */
| #define PACKAGE_NAME "gpl-compression"
| #define PACKAGE_TARNAME "gpl-compression"
| #define PACKAGE_VERSION "0.1.0"
| #define PACKAGE_STRING "gpl-compression 0.1.0"
| #define PACKAGE_BUGREPORT "omalley@apache.org"
| #define PACKAGE "gpl-compression"
| #define VERSION "0.1.0"
| #define STDC_HEADERS 1
| #define HAVE_SYS_TYPES_H 1
| #define HAVE_SYS_STAT_H 1
| #define HAVE_STDLIB_H 1
| #define HAVE_STRING_H 1
| #define HAVE_MEMORY_H 1
| #define HAVE_STRINGS_H 1
| #define HAVE_INTTYPES_H 1
| #define HAVE_STDINT_H 1
| #define HAVE_UNISTD_H 1
| /* end confdefs.h.  */
| #include <minix/config.h>
configure:4338: result: no
configure:4371: checking for minix/config.h
configure:4378: result: no
configure:4409: checking whether it is safe to define __EXTENSIONS__
configure:4437: gcc -c -g -O2  conftest.c >&5
configure:4444: $? = 0
configure:4459: result: yes
configure:4542: checking for gcc
configure:4569: result: gcc
configure:4801: checking for C compiler version
configure:4809: gcc --version >&5
gcc (Ubuntu 4.4.1-4ubuntu9) 4.4.1
Copyright (C) 2009 Free Software Foundation, Inc.
This is free software; see the source for copying conditions.  There is NO
warranty; not even for MERCHANTABILITY or FITNESS FOR A PARTICULAR PURPOSE.

configure:4813: $? = 0
configure:4820: gcc -v >&5
Using built-in specs.
Target: x86_64-linux-gnu
Configured with: ../src/configure -v --with-pkgversion='Ubuntu 4.4.1-4ubuntu9' --with-bugurl=file:///usr/share/doc/gcc-4.4/README.Bugs --enable-languages=c,c++,fortran,objc,obj-c++ --prefix=/usr --enable-shared --enable-multiarch --enable-linker-build-id --with-system-zlib --libexecdir=/usr/lib --without-included-gettext --enable-threads=posix --with-gxx-include-dir=/usr/include/c++/4.4 --program-suffix=-4.4 --enable-nls --enable-clocale=gnu --enable-libstdcxx-debug --enable-objc-gc --disable-werror --with-arch-32=i486 --with-tune=generic --enable-checking=release --build=x86_64-linux-gnu --host=x86_64-linux-gnu --target=x86_64-linux-gnu
Thread model: posix
gcc version 4.4.1 (Ubuntu 4.4.1-4ubuntu9) 
configure:4824: $? = 0
configure:4831: gcc -V >&5
gcc: '-V' option must have argument
configure:4835: $? = 1
configure:4838: checking whether we are using the GNU C compiler
configure:4891: result: yes
configure:4900: checking whether gcc accepts -g
configure:5038: result: yes
configure:5055: checking for gcc option to accept ISO C89
configure:5159: result: none needed
configure:5179: checking dependency style of gcc
configure:5270: result: gcc3
configure:5316: checking build system type
configure:5334: result: x86_64-unknown-linux-gnu
configure:5356: checking host system type
configure:5371: result: x86_64-unknown-linux-gnu
configure:5393: checking for a sed that does not truncate output
configure:5459: result: /bin/sed
configure:5477: checking for fgrep
configure:5541: result: /bin/grep -F
configure:5576: checking for ld used by gcc
configure:5643: result: /usr/bin/ld
configure:5652: checking if the linker (/usr/bin/ld) is GNU ld
configure:5667: result: yes
configure:5679: checking for BSD- or MS-compatible name lister (nm)
configure:5728: result: /usr/bin/nm -B
configure:5846: checking the name lister (/usr/bin/nm -B) interface
configure:5853: gcc -c -g -O2  conftest.c >&5
configure:5856: /usr/bin/nm -B "conftest.o"
configure:5859: output
0000000000000000 B some_variable
configure:5866: result: BSD nm
configure:5869: checking whether ln -s works
configure:5873: result: yes
configure:5881: checking the maximum length of command line arguments
configure:6001: result: 1572864
configure:6018: checking whether the shell understands some XSI constructs
configure:6028: result: yes
configure:6032: checking whether the shell understands "+="
configure:6038: result: yes
configure:6073: checking for /usr/bin/ld option to reload object files
configure:6080: result: -r
configure:6149: checking for objdump
configure:6165: found /usr/bin/objdump
configure:6176: result: objdump
configure:6208: checking how to recognize dependent libraries
configure:6404: result: pass_all
configure:6464: checking for ar
configure:6480: found /usr/bin/ar
configure:6491: result: ar
configure:6569: checking for strip
configure:6585: found /usr/bin/strip
configure:6596: result: strip
configure:6668: checking for ranlib
configure:6684: found /usr/bin/ranlib
configure:6695: result: ranlib
configure:6785: checking command to parse /usr/bin/nm -B output from gcc object
configure:6903: gcc -c -g -O2  conftest.c >&5
configure:6906: $? = 0
configure:6910: /usr/bin/nm -B conftest.o \| sed -n -e 's/^.*[	 ]\([ABCDGIRSTW][ABCDGIRSTW]*\)[	 ][	 ]*\([_A-Za-z][_A-Za-z0-9]*\)$/\1 \2 \2/p' \> conftest.nm
configure:6913: $? = 0
configure:6967: gcc -o conftest -g -O2   conftest.c conftstm.o >&5
configure:6970: $? = 0
configure:7008: result: ok
configure:7103: gcc -c -g -O2  conftest.c >&5
configure:7106: $? = 0
configure:7873: checking for dlfcn.h
configure:7894: gcc -c -g -O2  conftest.c >&5
configure:7901: $? = 0
configure:7918: result: yes
configure:8104: checking for objdir
configure:8119: result: .libs
configure:8415: checking if gcc supports -fno-rtti -fno-exceptions
configure:8433: gcc -c -g -O2  -fno-rtti -fno-exceptions conftest.c >&5
cc1: warning: command line option "-fno-rtti" is valid for C++/ObjC++ but not for C
configure:8437: $? = 0
configure:8450: result: no
configure:8470: checking for gcc option to produce PIC
configure:8742: result: -fPIC -DPIC
configure:8754: checking if gcc PIC flag -fPIC -DPIC works
configure:8772: gcc -c -g -O2  -fPIC -DPIC -DPIC conftest.c >&5
configure:8776: $? = 0
configure:8789: result: yes
configure:8813: checking if gcc static flag -static works
configure:8841: result: yes
configure:8856: checking if gcc supports -c -o file.o
configure:8877: gcc -c -g -O2  -o out/conftest2.o conftest.c >&5
configure:8881: $? = 0
configure:8903: result: yes
configure:8911: checking if gcc supports -c -o file.o
configure:8958: result: yes
configure:8991: checking whether the gcc linker (/usr/bin/ld -m elf_x86_64) supports shared libraries
configure:10066: result: yes
configure:10103: checking whether -lc should be explicitly linked in
configure:10108: gcc -c -g -O2  conftest.c >&5
configure:10111: $? = 0
configure:10126: gcc -shared conftest.o  -v -Wl,-soname -Wl,conftest -o conftest 2\>\&1 \| /bin/grep  -lc  \>/dev/null 2\>\&1
configure:10129: $? = 0
configure:10141: result: no
configure:10305: checking dynamic linker characteristics
configure:10748: gcc -o conftest -g -O2   -Wl,-rpath -Wl,/foo conftest.c  >&5
configure:10755: $? = 0
configure:11000: result: GNU/Linux ld.so
configure:11102: checking how to hardcode library paths into programs
configure:11127: result: immediate
configure:11960: checking whether stripping libraries is possible
configure:11965: result: yes
configure:12000: checking if libtool supports shared libraries
configure:12002: result: yes
configure:12005: checking whether to build shared libraries
configure:12026: result: yes
configure:12029: checking whether to build static libraries
configure:12033: result: yes
configure:12071: checking for dlopen in -ldl
configure:12106: gcc -o conftest -g -O2   conftest.c -ldl   >&5
configure:12113: $? = 0
configure:12134: result: yes
configure:12160: checking for unistd.h
configure:12167: result: yes
configure:12171: checking stdio.h usability
configure:12188: gcc -c -g -O2  conftest.c >&5
configure:12195: $? = 0
configure:12209: result: yes
configure:12213: checking stdio.h presence
configure:12228: gcc -E  conftest.c
configure:12235: $? = 0
configure:12249: result: yes
configure:12282: checking for stdio.h
configure:12291: result: yes
configure:12171: checking stddef.h usability
configure:12188: gcc -c -g -O2  conftest.c >&5
configure:12195: $? = 0
configure:12209: result: yes
configure:12213: checking stddef.h presence
configure:12228: gcc -E  conftest.c
configure:12235: $? = 0
configure:12249: result: yes
configure:12282: checking for stddef.h
configure:12291: result: yes
configure:12322: checking lzo/lzo2a.h usability
configure:12339: gcc -c -g -O2  conftest.c >&5
configure:12346: $? = 0
configure:12360: result: yes
configure:12364: checking lzo/lzo2a.h presence
configure:12379: gcc -E  conftest.c
configure:12386: $? = 0
configure:12400: result: yes
configure:12433: checking for lzo/lzo2a.h
configure:12442: result: yes
configure:12453: checking Checking for the 'actual' dynamic-library for '-llzo2'
configure:12481: result: "liblzo2.so.2"
configure:12510: checking for special C compiler options needed for large files
configure:12605: result: no
configure:12611: checking for _FILE_OFFSET_BITS value needed for large files
configure:12646: gcc -c -g -O2  conftest.c >&5
configure:12653: $? = 0
configure:12722: result: no
configure:12859: checking for stdbool.h that conforms to C99
configure:12954: gcc -c -g -O2  conftest.c >&5
configure:12961: $? = 0
configure:12976: result: yes
configure:12978: checking for _Bool
configure:13006: gcc -c -g -O2  conftest.c >&5
configure:13013: $? = 0
configure:13040: gcc -c -g -O2  conftest.c >&5
conftest.c: In function 'main':
conftest.c:69: error: expected expression before ')' token
configure:13047: $? = 1
configure: failed program was:
| /* confdefs.h.  */
| #define PACKAGE_NAME "gpl-compression"
| #define PACKAGE_TARNAME "gpl-compression"
| #define PACKAGE_VERSION "0.1.0"
| #define PACKAGE_STRING "gpl-compression 0.1.0"
| #define PACKAGE_BUGREPORT "omalley@apache.org"
| #define PACKAGE "gpl-compression"
| #define VERSION "0.1.0"
| #define STDC_HEADERS 1
| #define HAVE_SYS_TYPES_H 1
| #define HAVE_SYS_STAT_H 1
| #define HAVE_STDLIB_H 1
| #define HAVE_STRING_H 1
| #define HAVE_MEMORY_H 1
| #define HAVE_STRINGS_H 1
| #define HAVE_INTTYPES_H 1
| #define HAVE_STDINT_H 1
| #define HAVE_UNISTD_H 1
| #define __EXTENSIONS__ 1
| #define _ALL_SOURCE 1
| #define _GNU_SOURCE 1
| #define _POSIX_PTHREAD_SEMANTICS 1
| #define _TANDEM_SOURCE 1
| #define HAVE_DLFCN_H 1
| #define LT_OBJDIR ".libs/"
| #define HAVE_LIBDL 1
| #define HAVE_UNISTD_H 1
| #define HAVE_STDIO_H 1
| #define HAVE_STDDEF_H 1
| #define HAVE_LZO_LZO2A_H 1
| #define HADOOP_LZO_LIBRARY "liblzo2.so.2"
| /* end confdefs.h.  */
| #include <stdio.h>
| #ifdef HAVE_SYS_TYPES_H
| # include <sys/types.h>
| #endif
| #ifdef HAVE_SYS_STAT_H
| # include <sys/stat.h>
| #endif
| #ifdef STDC_HEADERS
| # include <stdlib.h>
| # include <stddef.h>
| #else
| # ifdef HAVE_STDLIB_H
| #  include <stdlib.h>
| # endif
| #endif
| #ifdef HAVE_STRING_H
| # if !defined STDC_HEADERS && defined HAVE_MEMORY_H
| #  include <memory.h>
| # endif
| # include <string.h>
| #endif
| #ifdef HAVE_STRINGS_H
| # include <strings.h>
| #endif
| #ifdef HAVE_INTTYPES_H
| # include <inttypes.h>
| #endif
| #ifdef HAVE_STDINT_H
| # include <stdint.h>
| #endif
| #ifdef HAVE_UNISTD_H
| # include <unistd.h>
| #endif
| int
| main ()
| {
| if (sizeof ((_Bool)))
| 	  return 0;
|   ;
|   return 0;
| }
configure:13070: result: yes
configure:13089: checking for an ANSI C-conforming const
configure:13164: gcc -c -g -O2  conftest.c >&5
configure:13171: $? = 0
configure:13186: result: yes
configure:13196: checking for off_t
configure:13224: gcc -c -g -O2  conftest.c >&5
configure:13231: $? = 0
configure:13258: gcc -c -g -O2  conftest.c >&5
conftest.c: In function 'main':
conftest.c:71: error: expected expression before ')' token
configure:13265: $? = 1
configure: failed program was:
| /* confdefs.h.  */
| #define PACKAGE_NAME "gpl-compression"
| #define PACKAGE_TARNAME "gpl-compression"
| #define PACKAGE_VERSION "0.1.0"
| #define PACKAGE_STRING "gpl-compression 0.1.0"
| #define PACKAGE_BUGREPORT "omalley@apache.org"
| #define PACKAGE "gpl-compression"
| #define VERSION "0.1.0"
| #define STDC_HEADERS 1
| #define HAVE_SYS_TYPES_H 1
| #define HAVE_SYS_STAT_H 1
| #define HAVE_STDLIB_H 1
| #define HAVE_STRING_H 1
| #define HAVE_MEMORY_H 1
| #define HAVE_STRINGS_H 1
| #define HAVE_INTTYPES_H 1
| #define HAVE_STDINT_H 1
| #define HAVE_UNISTD_H 1
| #define __EXTENSIONS__ 1
| #define _ALL_SOURCE 1
| #define _GNU_SOURCE 1
| #define _POSIX_PTHREAD_SEMANTICS 1
| #define _TANDEM_SOURCE 1
| #define HAVE_DLFCN_H 1
| #define LT_OBJDIR ".libs/"
| #define HAVE_LIBDL 1
| #define HAVE_UNISTD_H 1
| #define HAVE_STDIO_H 1
| #define HAVE_STDDEF_H 1
| #define HAVE_LZO_LZO2A_H 1
| #define HADOOP_LZO_LIBRARY "liblzo2.so.2"
| #define HAVE__BOOL 1
| #define HAVE_STDBOOL_H 1
| /* end confdefs.h.  */
| #include <stdio.h>
| #ifdef HAVE_SYS_TYPES_H
| # include <sys/types.h>
| #endif
| #ifdef HAVE_SYS_STAT_H
| # include <sys/stat.h>
| #endif
| #ifdef STDC_HEADERS
| # include <stdlib.h>
| # include <stddef.h>
| #else
| # ifdef HAVE_STDLIB_H
| #  include <stdlib.h>
| # endif
| #endif
| #ifdef HAVE_STRING_H
| # if !defined STDC_HEADERS && defined HAVE_MEMORY_H
| #  include <memory.h>
| # endif
| # include <string.h>
| #endif
| #ifdef HAVE_STRINGS_H
| # include <strings.h>
| #endif
| #ifdef HAVE_INTTYPES_H
| # include <inttypes.h>
| #endif
| #ifdef HAVE_STDINT_H
| # include <stdint.h>
| #endif
| #ifdef HAVE_UNISTD_H
| # include <unistd.h>
| #endif
| int
| main ()
| {
| if (sizeof ((off_t)))
| 	  return 0;
|   ;
|   return 0;
| }
configure:13288: result: yes
configure:13300: checking for size_t
configure:13328: gcc -c -g -O2  conftest.c >&5
configure:13335: $? = 0
configure:13362: gcc -c -g -O2  conftest.c >&5
conftest.c: In function 'main':
conftest.c:71: error: expected expression before ')' token
configure:13369: $? = 1
configure: failed program was:
| /* confdefs.h.  */
| #define PACKAGE_NAME "gpl-compression"
| #define PACKAGE_TARNAME "gpl-compression"
| #define PACKAGE_VERSION "0.1.0"
| #define PACKAGE_STRING "gpl-compression 0.1.0"
| #define PACKAGE_BUGREPORT "omalley@apache.org"
| #define PACKAGE "gpl-compression"
| #define VERSION "0.1.0"
| #define STDC_HEADERS 1
| #define HAVE_SYS_TYPES_H 1
| #define HAVE_SYS_STAT_H 1
| #define HAVE_STDLIB_H 1
| #define HAVE_STRING_H 1
| #define HAVE_MEMORY_H 1
| #define HAVE_STRINGS_H 1
| #define HAVE_INTTYPES_H 1
| #define HAVE_STDINT_H 1
| #define HAVE_UNISTD_H 1
| #define __EXTENSIONS__ 1
| #define _ALL_SOURCE 1
| #define _GNU_SOURCE 1
| #define _POSIX_PTHREAD_SEMANTICS 1
| #define _TANDEM_SOURCE 1
| #define HAVE_DLFCN_H 1
| #define LT_OBJDIR ".libs/"
| #define HAVE_LIBDL 1
| #define HAVE_UNISTD_H 1
| #define HAVE_STDIO_H 1
| #define HAVE_STDDEF_H 1
| #define HAVE_LZO_LZO2A_H 1
| #define HADOOP_LZO_LIBRARY "liblzo2.so.2"
| #define HAVE__BOOL 1
| #define HAVE_STDBOOL_H 1
| /* end confdefs.h.  */
| #include <stdio.h>
| #ifdef HAVE_SYS_TYPES_H
| # include <sys/types.h>
| #endif
| #ifdef HAVE_SYS_STAT_H
| # include <sys/stat.h>
| #endif
| #ifdef STDC_HEADERS
| # include <stdlib.h>
| # include <stddef.h>
| #else
| # ifdef HAVE_STDLIB_H
| #  include <stdlib.h>
| # endif
| #endif
| #ifdef HAVE_STRING_H
| # if !defined STDC_HEADERS && defined HAVE_MEMORY_H
| #  include <memory.h>
| # endif
| # include <string.h>
| #endif
| #ifdef HAVE_STRINGS_H
| # include <strings.h>
| #endif
| #ifdef HAVE_INTTYPES_H
| # include <inttypes.h>
| #endif
| #ifdef HAVE_STDINT_H
| # include <stdint.h>
| #endif
| #ifdef HAVE_UNISTD_H
| # include <unistd.h>
| #endif
| int
| main ()
| {
| if (sizeof ((size_t)))
| 	  return 0;
|   ;
|   return 0;
| }
configure:13392: result: yes
configure:13404: checking whether strerror_r is declared
configure:13433: gcc -c -g -O2  conftest.c >&5
configure:13440: $? = 0
configure:13455: result: yes
configure:13477: checking for strerror_r
configure:13533: gcc -o conftest -g -O2   conftest.c -ldl  >&5
configure:13540: $? = 0
configure:13562: result: yes
configure:13574: checking whether strerror_r returns char *
configure:13608: gcc -c -g -O2  conftest.c >&5
configure:13615: $? = 0
configure:13694: result: yes
configure:13712: checking for mkdir
configure:13768: gcc -o conftest -g -O2   conftest.c -ldl  >&5
configure:13775: $? = 0
configure:13797: result: yes
configure:13712: checking for uname
configure:13768: gcc -o conftest -g -O2   conftest.c -ldl  >&5
configure:13775: $? = 0
configure:13797: result: yes
configure:13712: checking for memset
configure:13768: gcc -o conftest -g -O2   conftest.c -ldl  >&5
conftest.c:63: warning: conflicting types for built-in function 'memset'
configure:13775: $? = 0
configure:13797: result: yes
configure:13818: checking for JNI_GetCreatedJavaVMs in -ljvm
configure:13853: gcc -o conftest -g -O2   -L/usr/lib/jvm/java-6-sun/jre/jre/lib/amd64/server conftest.c -ljvm  -ldl  >&5
/usr/bin/ld: cannot find -ljvm
collect2: ld returned 1 exit status
configure:13860: $? = 1
configure: failed program was:
| /* confdefs.h.  */
| #define PACKAGE_NAME "gpl-compression"
| #define PACKAGE_TARNAME "gpl-compression"
| #define PACKAGE_VERSION "0.1.0"
| #define PACKAGE_STRING "gpl-compression 0.1.0"
| #define PACKAGE_BUGREPORT "omalley@apache.org"
| #define PACKAGE "gpl-compression"
| #define VERSION "0.1.0"
| #define STDC_HEADERS 1
| #define HAVE_SYS_TYPES_H 1
| #define HAVE_SYS_STAT_H 1
| #define HAVE_STDLIB_H 1
| #define HAVE_STRING_H 1
| #define HAVE_MEMORY_H 1
| #define HAVE_STRINGS_H 1
| #define HAVE_INTTYPES_H 1
| #define HAVE_STDINT_H 1
| #define HAVE_UNISTD_H 1
| #define __EXTENSIONS__ 1
| #define _ALL_SOURCE 1
| #define _GNU_SOURCE 1
| #define _POSIX_PTHREAD_SEMANTICS 1
| #define _TANDEM_SOURCE 1
| #define HAVE_DLFCN_H 1
| #define LT_OBJDIR ".libs/"
| #define HAVE_LIBDL 1
| #define HAVE_UNISTD_H 1
| #define HAVE_STDIO_H 1
| #define HAVE_STDDEF_H 1
| #define HAVE_LZO_LZO2A_H 1
| #define HADOOP_LZO_LIBRARY "liblzo2.so.2"
| #define HAVE__BOOL 1
| #define HAVE_STDBOOL_H 1
| #define HAVE_DECL_STRERROR_R 1
| #define HAVE_STRERROR_R 1
| #define STRERROR_R_CHAR_P 1
| #define HAVE_MKDIR 1
| #define HAVE_UNAME 1
| #define HAVE_MEMSET 1
| /* end confdefs.h.  */
| 
| /* Override any GCC internal prototype to avoid an error.
|    Use char because int might match the return type of a GCC
|    builtin and then its argument prototype would still apply.  */
| #ifdef __cplusplus
| extern "C"
| #endif
| char JNI_GetCreatedJavaVMs ();
| int
| main ()
| {
| return JNI_GetCreatedJavaVMs ();
|   ;
|   return 0;
| }
configure:13881: result: no
configure:13921: checking jni.h usability
configure:13938: gcc -c -g -O2   -I/usr/lib/jvm/java-6-sun/jre/include -I/usr/lib/jvm/java-6-sun/jre/include/linux conftest.c >&5
configure:13945: $? = 0
configure:13959: result: yes
configure:13963: checking jni.h presence
configure:13978: gcc -E   -I/usr/lib/jvm/java-6-sun/jre/include -I/usr/lib/jvm/java-6-sun/jre/include/linux conftest.c
configure:13985: $? = 0
configure:13999: result: yes
configure:14032: checking for jni.h
configure:14041: result: yes
configure:14186: creating ./config.status

## ---------------------- ##
## Running config.status. ##
## ---------------------- ##

This file was extended by gpl-compression config.status 0.1.0, which was
generated by GNU Autoconf 2.63.  Invocation command line was

  CONFIG_FILES    = 
  CONFIG_HEADERS  = 
  CONFIG_LINKS    = 
  CONFIG_COMMANDS = 
  $ ./config.status 

on rohan-laptop

config.status:1003: creating Makefile
config.status:1003: creating impl/config.h
config.status:1270: executing depfiles commands
config.status:1270: executing libtool commands

## ---------------- ##
## Cache variables. ##
## ---------------- ##

ac_cv_build=x86_64-unknown-linux-gnu
ac_cv_c_compiler_gnu=yes
ac_cv_c_const=yes
ac_cv_env_CC_set=
ac_cv_env_CC_value=
ac_cv_env_CFLAGS_set=
ac_cv_env_CFLAGS_value=
ac_cv_env_CPPFLAGS_set=
ac_cv_env_CPPFLAGS_value=
ac_cv_env_CPP_set=
ac_cv_env_CPP_value=
ac_cv_env_LDFLAGS_set=
ac_cv_env_LDFLAGS_value=
ac_cv_env_LIBS_set=
ac_cv_env_LIBS_value=
ac_cv_env_build_alias_set=
ac_cv_env_build_alias_value=
ac_cv_env_host_alias_set=
ac_cv_env_host_alias_value=
ac_cv_env_target_alias_set=
ac_cv_env_target_alias_value=
ac_cv_func_memset=yes
ac_cv_func_mkdir=yes
ac_cv_func_strerror_r=yes
ac_cv_func_strerror_r_char_p=yes
ac_cv_func_uname=yes
ac_cv_have_decl_strerror_r=yes
ac_cv_header_dlfcn_h=yes
ac_cv_header_inttypes_h=yes
ac_cv_header_jni_h=yes
ac_cv_header_lzo_lzo2a_h=yes
ac_cv_header_memory_h=yes
ac_cv_header_minix_config_h=no
ac_cv_header_stdbool_h=yes
ac_cv_header_stdc=yes
ac_cv_header_stddef_h=yes
ac_cv_header_stdint_h=yes
ac_cv_header_stdio_h=yes
ac_cv_header_stdlib_h=yes
ac_cv_header_string_h=yes
ac_cv_header_strings_h=yes
ac_cv_header_sys_stat_h=yes
ac_cv_header_sys_types_h=yes
ac_cv_header_unistd_h=yes
ac_cv_host=x86_64-unknown-linux-gnu
ac_cv_lib_dl_dlopen=yes
ac_cv_lib_jvm_JNI_GetCreatedJavaVMs=no
ac_cv_libname_lzo2='"liblzo2.so.2"'
ac_cv_objext=o
ac_cv_path_EGREP='/bin/grep -E'
ac_cv_path_FGREP='/bin/grep -F'
ac_cv_path_GREP=/bin/grep
ac_cv_path_SED=/bin/sed
ac_cv_path_install='/usr/bin/install -c'
ac_cv_path_mkdir=/bin/mkdir
ac_cv_prog_AWK=mawk
ac_cv_prog_CPP='gcc -E'
ac_cv_prog_ac_ct_AR=ar
ac_cv_prog_ac_ct_CC=gcc
ac_cv_prog_ac_ct_OBJDUMP=objdump
ac_cv_prog_ac_ct_RANLIB=ranlib
ac_cv_prog_ac_ct_STRIP=strip
ac_cv_prog_cc_c89=
ac_cv_prog_cc_g=yes
ac_cv_prog_make_make_set=yes
ac_cv_safe_to_define___extensions__=yes
ac_cv_sys_file_offset_bits=no
ac_cv_sys_largefile_CC=no
ac_cv_type__Bool=yes
ac_cv_type_off_t=yes
ac_cv_type_size_t=yes
am_cv_CC_dependencies_compiler_type=gcc3
lt_cv_deplibs_check_method=pass_all
lt_cv_file_magic_cmd='$MAGIC_CMD'
lt_cv_file_magic_test_file=
lt_cv_ld_reload_flag=-r
lt_cv_nm_interface='BSD nm'
lt_cv_objdir=.libs
lt_cv_path_LD=/usr/bin/ld
lt_cv_path_NM='/usr/bin/nm -B'
lt_cv_prog_compiler_c_o=yes
lt_cv_prog_compiler_pic_works=yes
lt_cv_prog_compiler_rtti_exceptions=no
lt_cv_prog_compiler_static_works=yes
lt_cv_prog_gnu_ld=yes
lt_cv_sys_global_symbol_pipe='sed -n -e '\''s/^.*[	 ]\([ABCDGIRSTW][ABCDGIRSTW]*\)[	 ][	 ]*\([_A-Za-z][_A-Za-z0-9]*\)$/\1 \2 \2/p'\'''
lt_cv_sys_global_symbol_to_c_name_address='sed -n -e '\''s/^: \([^ ]*\) $/  {\"\1\", (void *) 0},/p'\'' -e '\''s/^[ABCDGIRSTW]* \([^ ]*\) \([^ ]*\)$/  {"\2", (void *) \&\2},/p'\'''
lt_cv_sys_global_symbol_to_c_name_address_lib_prefix='sed -n -e '\''s/^: \([^ ]*\) $/  {\"\1\", (void *) 0},/p'\'' -e '\''s/^[ABCDGIRSTW]* \([^ ]*\) \(lib[^ ]*\)$/  {"\2", (void *) \&\2},/p'\'' -e '\''s/^[ABCDGIRSTW]* \([^ ]*\) \([^ ]*\)$/  {"lib\2", (void *) \&\2},/p'\'''
lt_cv_sys_global_symbol_to_cdecl='sed -n -e '\''s/^T .* \(.*\)$/extern int \1();/p'\'' -e '\''s/^[ABCDGIRSTW]* .* \(.*\)$/extern char \1;/p'\'''
lt_cv_sys_max_cmd_len=1572864

## ----------------- ##
## Output variables. ##
## ----------------- ##

ACLOCAL='${SHELL} /home/rohan/workspace/hadoop-lzo/src/native/config/missing --run aclocal-1.10'
AMDEPBACKSLASH='\'
AMDEP_FALSE='#'
AMDEP_TRUE=''
AMTAR='${SHELL} /home/rohan/workspace/hadoop-lzo/src/native/config/missing --run tar'
AR='ar'
AUTOCONF='${SHELL} /home/rohan/workspace/hadoop-lzo/src/native/config/missing --run autoconf'
AUTOHEADER='${SHELL} /home/rohan/workspace/hadoop-lzo/src/native/config/missing --run autoheader'
AUTOMAKE='${SHELL} /home/rohan/workspace/hadoop-lzo/src/native/config/missing --run automake-1.10'
AWK='mawk'
CC='gcc'
CCDEPMODE='depmode=gcc3'
CFLAGS='-g -O2'
CPP='gcc -E'
CPPFLAGS=''
CYGPATH_W='echo'
DEFS='-DHAVE_CONFIG_H'
DEPDIR='.deps'
DSYMUTIL=''
DUMPBIN=''
ECHO_C=''
ECHO_N='-n'
ECHO_T=''
EGREP='/bin/grep -E'
EXEEXT=''
FGREP='/bin/grep -F'
GREP='/bin/grep'
INSTALL_DATA='${INSTALL} -m 644 -C'
INSTALL_PROGRAM='${INSTALL}'
INSTALL_SCRIPT='${INSTALL}'
INSTALL_STRIP_PROGRAM='$(install_sh) -c -s'
JNI_CPPFLAGS=' -I/usr/lib/jvm/java-6-sun/jre/include -I/usr/lib/jvm/java-6-sun/jre/include/linux'
JNI_LDFLAGS='-L/usr/lib/jvm/java-6-sun/jre/jre/lib/amd64/server'
LD='/usr/bin/ld -m elf_x86_64'
LDFLAGS=''
LIBOBJS=''
LIBS='-ldl '
LIBTOOL='$(SHELL) $(top_builddir)/libtool'
LIPO=''
LN_S='ln -s'
LTLIBOBJS=''
MAKEINFO='${SHELL} /home/rohan/workspace/hadoop-lzo/src/native/config/missing --run makeinfo'
MKDIR_P='/bin/mkdir -p'
NM='/usr/bin/nm -B'
NMEDIT=''
OBJDUMP='objdump'
OBJEXT='o'
OTOOL64=''
OTOOL=''
PACKAGE='gpl-compression'
PACKAGE_BUGREPORT='omalley@apache.org'
PACKAGE_NAME='gpl-compression'
PACKAGE_STRING='gpl-compression 0.1.0'
PACKAGE_TARNAME='gpl-compression'
PACKAGE_VERSION='0.1.0'
PATH_SEPARATOR=':'
RANLIB='ranlib'
SED='/bin/sed'
SET_MAKE=''
SHELL='/bin/bash'
STRIP='strip'
VERSION='0.1.0'
ac_ct_CC='gcc'
ac_ct_DUMPBIN=''
am__fastdepCC_FALSE='#'
am__fastdepCC_TRUE=''
am__include='include'
am__isrc=' -I$(srcdir)'
am__leading_dot='.'
am__quote=''
am__tar='${AMTAR} chof - "$$tardir"'
am__untar='${AMTAR} xf -'
bindir='${exec_prefix}/bin'
build='x86_64-unknown-linux-gnu'
build_alias=''
build_cpu='x86_64'
build_os='linux-gnu'
build_vendor='unknown'
datadir='${datarootdir}'
datarootdir='${prefix}/share'
docdir='${datarootdir}/doc/${PACKAGE_TARNAME}'
dvidir='${docdir}'
exec_prefix='${prefix}'
host='x86_64-unknown-linux-gnu'
host_alias=''
host_cpu='x86_64'
host_os='linux-gnu'
host_vendor='unknown'
htmldir='${docdir}'
includedir='${prefix}/include'
infodir='${datarootdir}/info'
install_sh='$(SHELL) /home/rohan/workspace/hadoop-lzo/src/native/config/install-sh'
libdir='${exec_prefix}/lib'
libexecdir='${exec_prefix}/libexec'
localedir='${datarootdir}/locale'
localstatedir='${prefix}/var'
lt_ECHO='echo'
mandir='${datarootdir}/man'
mkdir_p='/bin/mkdir -p'
oldincludedir='/usr/include'
pdfdir='${docdir}'
prefix='/home/rohan/workspace/hadoop-lzo/build/native/Linux-amd64-64/../install'
program_transform_name='s,x,x,'
psdir='${docdir}'
sbindir='${exec_prefix}/sbin'
sharedstatedir='${prefix}/com'
sysconfdir='${prefix}/etc'
target_alias=''

## ----------- ##
## confdefs.h. ##
## ----------- ##

#define PACKAGE_NAME "gpl-compression"
#define PACKAGE_TARNAME "gpl-compression"
#define PACKAGE_VERSION "0.1.0"
#define PACKAGE_STRING "gpl-compression 0.1.0"
#define PACKAGE_BUGREPORT "omalley@apache.org"
#define PACKAGE "gpl-compression"
#define VERSION "0.1.0"
#define STDC_HEADERS 1
#define HAVE_SYS_TYPES_H 1
#define HAVE_SYS_STAT_H 1
#define HAVE_STDLIB_H 1
#define HAVE_STRING_H 1
#define HAVE_MEMORY_H 1
#define HAVE_STRINGS_H 1
#define HAVE_INTTYPES_H 1
#define HAVE_STDINT_H 1
#define HAVE_UNISTD_H 1
#define __EXTENSIONS__ 1
#define _ALL_SOURCE 1
#define _GNU_SOURCE 1
#define _POSIX_PTHREAD_SEMANTICS 1
#define _TANDEM_SOURCE 1
#define HAVE_DLFCN_H 1
#define LT_OBJDIR ".libs/"
#define HAVE_LIBDL 1
#define HAVE_UNISTD_H 1
#define HAVE_STDIO_H 1
#define HAVE_STDDEF_H 1
#define HAVE_LZO_LZO2A_H 1
#define HADOOP_LZO_LIBRARY "liblzo2.so.2"
#define HAVE__BOOL 1
#define HAVE_STDBOOL_H 1
#define HAVE_DECL_STRERROR_R 1
#define HAVE_STRERROR_R 1
#define STRERROR_R_CHAR_P 1
#define HAVE_MKDIR 1
#define HAVE_UNAME 1
#define HAVE_MEMSET 1
#define HAVE_JNI_H 1

configure: exit 0
